[2019-09-30 01:02:59.439] [exthost] [info] extension host started
[2019-09-30 01:03:00.646] [exthost] [info] extension host started
[2019-09-30 01:03:00.694] [exthost] [info] ExtensionService#_doActivateExtension HookyQR.beautify {"startup":true,"activationEvent":"*"}
[2019-09-30 01:03:00.694] [exthost] [info] ExtensionService#loadCommonJSModule C:\Users\mta\Desarrollo\eclipse\eclipse_ide_2019_06\plugins\pack.core.win_3.5.0.201909121914\HookyQR.beautify-1.4.11\extension
[2019-09-30 01:03:00.797] [exthost] [info] ExtensionService#_doActivateExtension christian-kohler.path-intellisense {"startup":true,"activationEvent":"*"}
[2019-09-30 01:03:00.797] [exthost] [info] ExtensionService#loadCommonJSModule C:\Users\mta\Desarrollo\eclipse\eclipse_ide_2019_06\plugins\pack.core.win_3.5.0.201909121914\christian-kohler.path-intellisense-1.4.2\out\src\extension
[2019-09-30 01:03:00.824] [exthost] [info] ExtensionService#_doActivateExtension dbaeumer.vscode-eslint {"startup":true,"activationEvent":"*"}
[2019-09-30 01:03:00.824] [exthost] [info] ExtensionService#loadCommonJSModule C:\Users\mta\Desarrollo\eclipse\eclipse_ide_2019_06\plugins\pack.core.win_3.5.0.201909121914\dbaeumer.vscode-eslint-1.9.0\client\out\extension
[2019-09-30 01:03:00.897] [exthost] [info] ExtensionService#_doActivateExtension vscode.debug-auto-launch {"startup":true,"activationEvent":"*"}
[2019-09-30 01:03:00.897] [exthost] [info] ExtensionService#loadCommonJSModule c:\Users\mta\Desarrollo\eclipse\eclipse_ide_2019_06\plugins\com.genuitec.eclipse.code.engine.app.win32.x86_64_3.5.0.201909201758\engine\resources\app\extensions\debug-auto-launch\dist\extension
[2019-09-30 01:03:00.901] [exthost] [info] ExtensionService#_doActivateExtension vscode.emmet {"startup":true,"activationEvent":"*"}
[2019-09-30 01:03:00.901] [exthost] [info] ExtensionService#loadCommonJSModule c:\Users\mta\Desarrollo\eclipse\eclipse_ide_2019_06\plugins\com.genuitec.eclipse.code.engine.app.win32.x86_64_3.5.0.201909201758\engine\resources\app\extensions\emmet\dist\extension
[2019-09-30 01:03:00.927] [exthost] [info] ExtensionService#_doActivateExtension formulahendry.auto-close-tag {"startup":true,"activationEvent":"*"}
[2019-09-30 01:03:00.927] [exthost] [info] ExtensionService#loadCommonJSModule C:\Users\mta\Desarrollo\eclipse\eclipse_ide_2019_06\plugins\pack.core.win_3.5.0.201909121914\formulahendry.auto-close-tag-0.5.6\out\src\extension
[2019-09-30 01:03:00.930] [exthost] [info] ExtensionService#_doActivateExtension vscode.grunt {"startup":false,"activationEvent":"onCommand:workbench.action.tasks.runTask"}
[2019-09-30 01:03:00.930] [exthost] [info] ExtensionService#loadCommonJSModule c:\Users\mta\Desarrollo\eclipse\eclipse_ide_2019_06\plugins\com.genuitec.eclipse.code.engine.app.win32.x86_64_3.5.0.201909201758\engine\resources\app\extensions\grunt\dist\main
[2019-09-30 01:03:00.936] [exthost] [info] ExtensionService#_doActivateExtension vscode.gulp {"startup":false,"activationEvent":"onCommand:workbench.action.tasks.runTask"}
[2019-09-30 01:03:00.936] [exthost] [info] ExtensionService#loadCommonJSModule c:\Users\mta\Desarrollo\eclipse\eclipse_ide_2019_06\plugins\com.genuitec.eclipse.code.engine.app.win32.x86_64_3.5.0.201909201758\engine\resources\app\extensions\gulp\dist\main
[2019-09-30 01:03:00.941] [exthost] [info] ExtensionService#_doActivateExtension vscode.jake {"startup":false,"activationEvent":"onCommand:workbench.action.tasks.runTask"}
[2019-09-30 01:03:00.941] [exthost] [info] ExtensionService#loadCommonJSModule c:\Users\mta\Desarrollo\eclipse\eclipse_ide_2019_06\plugins\com.genuitec.eclipse.code.engine.app.win32.x86_64_3.5.0.201909201758\engine\resources\app\extensions\jake\dist\main
[2019-09-30 01:03:00.947] [exthost] [info] ExtensionService#_doActivateExtension vscode.npm {"startup":false,"activationEvent":"onCommand:workbench.action.tasks.runTask"}
[2019-09-30 01:03:00.947] [exthost] [info] ExtensionService#loadCommonJSModule c:\Users\mta\Desarrollo\eclipse\eclipse_ide_2019_06\plugins\com.genuitec.eclipse.code.engine.app.win32.x86_64_3.5.0.201909201758\engine\resources\app\extensions\npm\dist\main
[2019-09-30 01:03:00.986] [exthost] [info] ExtensionService#_doActivateExtension vscode.typescript-language-features {"startup":false,"activationEvent":"onCommand:workbench.action.tasks.runTask"}
[2019-09-30 01:03:00.986] [exthost] [info] ExtensionService#loadCommonJSModule c:\Users\mta\Desarrollo\eclipse\eclipse_ide_2019_06\plugins\com.genuitec.eclipse.code.engine.app.win32.x86_64_3.5.0.201909201758\engine\resources\app\extensions\typescript-language-features\dist\extension
[2019-09-30 01:03:01.092] [exthost] [info] eager extensions activated
